[debug] [2023-09-19T01:44:21.015Z] ----------------------------------------------------------------------
[debug] [2023-09-19T01:44:21.017Z] Command:       /home/fire/.nvm/versions/node/v18.15.0/bin/node /home/fire/.nvm/versions/node/v18.15.0/bin/firebase deploy
[debug] [2023-09-19T01:44:21.018Z] CLI Version:   12.4.7
[debug] [2023-09-19T01:44:21.018Z] Platform:      linux
[debug] [2023-09-19T01:44:21.018Z] Node Version:  v18.15.0
[debug] [2023-09-19T01:44:21.019Z] Time:          Mon Sep 18 2023 18:44:21 GMT-0700 (Mexican Pacific Standard Time)
[debug] [2023-09-19T01:44:21.019Z] ----------------------------------------------------------------------
[debug] 
[debug] [2023-09-19T01:44:21.098Z] > command requires scopes: ["email","openid","https://www.googleapis.com/auth/cloudplatformprojects.readonly","https://www.googleapis.com/auth/firebase","https://www.googleapis.com/auth/cloud-platform"]
[debug] [2023-09-19T01:44:21.098Z] > authorizing via signed-in user (firewos2ger@gmail.com)
[debug] [2023-09-19T01:44:21.098Z] [iam] checking project gpass-apps for permissions ["firebase.projects.get","firebasehosting.sites.update"]
[debug] [2023-09-19T01:44:21.099Z] > refreshing access token with scopes: []
[debug] [2023-09-19T01:44:21.101Z] >>> [apiv2][query] POST https://www.googleapis.com/oauth2/v3/token [none]
[debug] [2023-09-19T01:44:21.101Z] >>> [apiv2][body] POST https://www.googleapis.com/oauth2/v3/token [omitted]
[debug] [2023-09-19T01:44:21.338Z] <<< [apiv2][status] POST https://www.googleapis.com/oauth2/v3/token 200
[debug] [2023-09-19T01:44:21.339Z] <<< [apiv2][body] POST https://www.googleapis.com/oauth2/v3/token [omitted]
[debug] [2023-09-19T01:44:21.343Z] >>> [apiv2][query] POST https://cloudresourcemanager.googleapis.com/v1/projects/gpass-apps:testIamPermissions [none]
[debug] [2023-09-19T01:44:21.343Z] >>> [apiv2][(partial)header] POST https://cloudresourcemanager.googleapis.com/v1/projects/gpass-apps:testIamPermissions x-goog-quota-user=projects/gpass-apps
[debug] [2023-09-19T01:44:21.343Z] >>> [apiv2][body] POST https://cloudresourcemanager.googleapis.com/v1/projects/gpass-apps:testIamPermissions {"permissions":["firebase.projects.get","firebasehosting.sites.update"]}
[debug] [2023-09-19T01:44:21.551Z] <<< [apiv2][status] POST https://cloudresourcemanager.googleapis.com/v1/projects/gpass-apps:testIamPermissions 200
[debug] [2023-09-19T01:44:21.551Z] <<< [apiv2][body] POST https://cloudresourcemanager.googleapis.com/v1/projects/gpass-apps:testIamPermissions {"permissions":["firebase.projects.get","firebasehosting.sites.update"]}
[debug] [2023-09-19T01:44:21.552Z] >>> [apiv2][query] GET https://firebase.googleapis.com/v1beta1/projects/gpass-apps [none]
[debug] [2023-09-19T01:44:21.787Z] <<< [apiv2][status] GET https://firebase.googleapis.com/v1beta1/projects/gpass-apps 200
[debug] [2023-09-19T01:44:21.787Z] <<< [apiv2][body] GET https://firebase.googleapis.com/v1beta1/projects/gpass-apps {"projectId":"gpass-apps","projectNumber":"381264813025","displayName":"gpass","name":"projects/gpass-apps","resources":{"hostingSite":"gpass-apps","storageBucket":"gpass-apps.appspot.com","locationId":"us-central"},"state":"ACTIVE","etag":"1_3695337c-67fa-4e1f-b8bb-fe3d1a34904f"}
[info] 
[info] === Deploying to 'gpass-apps'...
[info] 
[info] i  deploying hosting 
[debug] [2023-09-19T01:44:21.791Z] >>> [apiv2][query] POST https://firebasehosting.googleapis.com/v1beta1/projects/-/sites/gpass-apps/versions [none]
[debug] [2023-09-19T01:44:21.791Z] >>> [apiv2][body] POST https://firebasehosting.googleapis.com/v1beta1/projects/-/sites/gpass-apps/versions {"status":"CREATED","labels":{"deployment-tool":"cli-firebase"}}
[debug] [2023-09-19T01:44:22.316Z] <<< [apiv2][status] POST https://firebasehosting.googleapis.com/v1beta1/projects/-/sites/gpass-apps/versions 200
[debug] [2023-09-19T01:44:22.316Z] <<< [apiv2][body] POST https://firebasehosting.googleapis.com/v1beta1/projects/-/sites/gpass-apps/versions {"name":"projects/381264813025/sites/gpass-apps/versions/b008b8a4c4750c36","status":"CREATED","config":{},"labels":{"deployment-tool":"cli-firebase"}}
[info] i  hosting[gpass-apps]: beginning deploy... 
[info] i  hosting[gpass-apps]: found 47 files in build 
[debug] [2023-09-19T01:44:22.332Z] [hosting] uploading with 200 concurrency
[debug] [2023-09-19T01:44:23.657Z] [hosting] hash cache [YnVpbGQ] stored for 47 files
[debug] [2023-09-19T01:44:23.657Z] [hosting][hash queue][FINAL] {"max":1310,"min":35,"avg":81.23404255319149,"active":0,"complete":47,"success":47,"errored":0,"retried":0,"total":47,"elapsed":1321}
[debug] [2023-09-19T01:44:23.657Z] >>> [apiv2][query] POST https://firebasehosting.googleapis.com/v1beta1/projects/381264813025/sites/gpass-apps/versions/b008b8a4c4750c36:populateFiles [none]
[debug] [2023-09-19T01:44:23.657Z] >>> [apiv2][body] POST https://firebasehosting.googleapis.com/v1beta1/projects/381264813025/sites/gpass-apps/versions/b008b8a4c4750c36:populateFiles {"files":{"/404.html":"b7bab6b83fa074653ff28c8d2a64135d3434575f70a12ab3d3ba8080461b9537","/asset-manifest.json":"74bb7913a9361d06f535bd14160cee51f269eb6aa5ce2de4ce9d850dd8e70164","/facebook.png":"7dbe8b4bd008006a6c94ae65f18f2620e759b5fb3a9249b55e0884f2c5cae589","/index.html":"36c7b6f20a2f221be57bc378f951ee8c7836961328eb82ecd0a8877195144f80","/logo192.png":"76c449ccb9cd117c2f2338f091b18f7050f3210e249b2228f5c81b23f34377cd","/logo512.png":"7779210d56c1f3741e2e487799fe3092def4fa6ac450a60532b807c3a8971205","/manifest.json":"0958a5e0c831126100c8c2d06a6bbaa665a3900f21aaff4130238a6f5a113aa1","/robots.txt":"2544ca049f223a42bff01f72ad930a5edba75bbb7199d0f8430a02ff5aca16ec","/static/css/13.c26e80ad.chunk.css":"94ca7ce80611bddb09b00d78dfbfc37f98379edfbb3d37687ab9200474279224","/static/css/main.b2564f7b.css":"77db00eab39cc689e79c8f71520e62302e60c034200307af24b5ac8de2f72b76","/static/css/13.c26e80ad.chunk.css.map":"63969de22a31cd052f930f24e02414d21d5bca118744b4e2e839056e2e6999a2","/static/css/main.b2564f7b.css.map":"61a167caa01eb8a1036775683b0f79b73db18dce9820223b92a89485af5a36e7","/static/js/13.72a6aeca.chunk.js":"483629db616e7c69f8c3ad108466edeec83e6060d824cd24bd60dd1537eb31e2","/static/js/13.72a6aeca.chunk.js.map":"42850587e61d9eb9f36c0fc6f823e3f8835d94de2190f79688c20052c40e28ea","/static/js/144.0c29a600.chunk.js":"bbfc9127646ab2f9493f570e74c1db797931d7bdaf26c6983ec90c72d82e4936","/static/js/266.55e1fd22.chunk.js":"5b95ac0a6ea50f0204b2dccca4e5c8c41f573a59cea4990ce0c6a7ad3a21374e","/static/js/266.55e1fd22.chunk.js.map":"3b147996dbf0c243487bdf224f05c76eaef6c2cb41dfb646141864b15257e33d","/static/js/144.0c29a600.chunk.js.map":"71b02b8772f4b086bf6f1ed616c9e559efcc2222281a2abf4408c877425e5254","/static/js/350.6ff1f563.chunk.js":"6a0400e64a9d089f6814926a4959de5e8e7b4a07ce94d0c43eaf44b9a8160883","/static/js/350.6ff1f563.chunk.js.map":"c86e5d68623138c0f736c2d56af2f058d728097539f375758f6ebe3e01fc2ed7","/static/js/426.79f2d329.chunk.js":"d77fbc5232ff65617151676154dc590968b1438f15929fbfa705ffbaa1727583","/static/js/437.acf5ab56.chunk.js":"38b027e7e63a41ac71bec20911ef21a7c7c6d5806409099dd18f4eddb85f0d69","/static/js/616.d210e510.chunk.js":"a1d548cf501a64fd0a1791b0ddfc8851013f9bc2a3b1fe4a796688d330197329","/static/js/616.d210e510.chunk.js.map":"53f403d938b4308e425eaca29d337f62429a3cc938b57e1468577e29f62ecfd1","/static/js/426.79f2d329.chunk.js.map":"5ef091b2908969e91f9ec73aa8fc5a2ad950f911a32edb72f9b412b93d119ecc","/static/js/626.57bf37e6.chunk.js.LICENSE.txt":"7eee681f91851f6479f37664dc78551c2b72b52c5f5cc0c5b9fbc83043e29f52","/static/js/697.1373d758.chunk.js":"3c57fb49bab9df42b0eba3aa2649795fd6b57a2d5800c2a3852af43880380b23","/static/js/817.460c9775.chunk.js":"ae850849ffd5922b5edd74a715c8db40fcfae8c4a733f6d31e7cb299daec9b6d","/static/js/817.460c9775.chunk.js.LICENSE.txt":"2d9911e4b026c803d0a25c87d432af8d47fa5d7b69f841f2b4ef166a27b1f267","/static/js/697.1373d758.chunk.js.map":"3ebcaac50e44b8128049bffd94dc35a07e88078368b6d2b40fe9cba80eb9bb6c","/static/js/939.424625fc.chunk.js":"901405b3fd2c92cc921243e3f8eb00eddb102fa100c122b649c28f11aa08d934","/static/js/939.424625fc.chunk.js.map":"3bf2db029f17602cc8976d2a094ab2a8a82a84b0172cae287ea139f5af10a6fd","/static/js/966.02700f83.chunk.js":"a52f174bb983523150312c62ea97d65f4221026ae9573583ec4c02110ff28bc9","/static/js/966.02700f83.chunk.js.map":"4dcaba378253bf263402bddc6c8c2ca24711b0149e63422710b2c4f0e41aa7f6","/static/js/main.0d88e8e4.js.LICENSE.txt":"9c6123c1c4670824ff8733e96d30e4a9526b47de9574da86ba30ad93c2885900","/static/js/817.460c9775.chunk.js.map":"7f80ad455bbec439274aa6f8e8143fe3f0085a7ae0a61e3be61f441601b36cec","/google-play.png":"f9012def89a0bfa6b626baf5335347ccf635621eb4c532de2fd6f9d004a77a3b","/app-store.png":"d686ad3b71ae83991f2e92b50dd8ffabdb86436d3e8a2817a513ef609e1eb3d9","/google.png":"12d6b60440c3724e807e5027e6c4a1a99f5f6bd2687dcc12bf643b13ce184cb7","/static/js/626.57bf37e6.chunk.js":"85e023a7ac55eca8612df27c8e12835b02f0dd495fa2d1a09f0177b89bd3c548","/static/media/logo.b09233b2fc30deb21bc6.png":"a5ebba28bf6bcc8173a6ee2d6104c57c372a384ec72ac265ec9f4d0ba98e7736","/static/js/282.731db5d5.chunk.js":"84fa1c2008770d06f332bf903822d7f186e8d58dc5ea5fedccb7400859574449","/static/js/626.57bf37e6.chunk.js.map":"1ba0e3ffde1451510d6c44d6ed50ea0993624654c2cca07e214ad847030c0b0c","/static/js/437.acf5ab56.chunk.js.map":"70058ed6d0f9e4336c3e4592a4ad9f9730d48e702998a1a8a648e1c201d32279","/static/js/282.731db5d5.chunk.js.map":"34d9026328c9b7bbabfa9d61de6b3e1e29f1dc2e83f4bab0d0a1085442eb1a13","/static/js/main.0d88e8e4.js":"c13e1fa35ee29edb7dcb6096094d3173c0c6e705cb250b22f9407d90380a86e9","/static/js/main.0d88e8e4.js.map":"89e45366af2fc854e9fb16bb6ae6b512c1175b3dbb56ca14754c73542dc6a4bf"}}
[debug] [2023-09-19T01:44:23.954Z] <<< [apiv2][status] POST https://firebasehosting.googleapis.com/v1beta1/projects/381264813025/sites/gpass-apps/versions/b008b8a4c4750c36:populateFiles 200
[debug] [2023-09-19T01:44:23.954Z] <<< [apiv2][body] POST https://firebasehosting.googleapis.com/v1beta1/projects/381264813025/sites/gpass-apps/versions/b008b8a4c4750c36:populateFiles {"uploadRequiredHashes":["36c7b6f20a2f221be57bc378f951ee8c7836961328eb82ecd0a8877195144f80","74bb7913a9361d06f535bd14160cee51f269eb6aa5ce2de4ce9d850dd8e70164","89e45366af2fc854e9fb16bb6ae6b512c1175b3dbb56ca14754c73542dc6a4bf","c13e1fa35ee29edb7dcb6096094d3173c0c6e705cb250b22f9407d90380a86e9"],"uploadUrl":"https://upload-firebasehosting.googleapis.com/upload/sites/gpass-apps/versions/b008b8a4c4750c36/files"}
[debug] [2023-09-19T01:44:23.955Z] >>> [apiv2][query] POST https://upload-firebasehosting.googleapis.com/upload/sites/gpass-apps/versions/b008b8a4c4750c36/files/36c7b6f20a2f221be57bc378f951ee8c7836961328eb82ecd0a8877195144f80 [none]
[debug] [2023-09-19T01:44:23.955Z] >>> [apiv2][body] POST https://upload-firebasehosting.googleapis.com/upload/sites/gpass-apps/versions/b008b8a4c4750c36/files/36c7b6f20a2f221be57bc378f951ee8c7836961328eb82ecd0a8877195144f80 [stream]
[debug] [2023-09-19T01:44:23.956Z] >>> [apiv2][query] POST https://upload-firebasehosting.googleapis.com/upload/sites/gpass-apps/versions/b008b8a4c4750c36/files/74bb7913a9361d06f535bd14160cee51f269eb6aa5ce2de4ce9d850dd8e70164 [none]
[debug] [2023-09-19T01:44:23.956Z] >>> [apiv2][body] POST https://upload-firebasehosting.googleapis.com/upload/sites/gpass-apps/versions/b008b8a4c4750c36/files/74bb7913a9361d06f535bd14160cee51f269eb6aa5ce2de4ce9d850dd8e70164 [stream]
[debug] [2023-09-19T01:44:23.957Z] >>> [apiv2][query] POST https://upload-firebasehosting.googleapis.com/upload/sites/gpass-apps/versions/b008b8a4c4750c36/files/89e45366af2fc854e9fb16bb6ae6b512c1175b3dbb56ca14754c73542dc6a4bf [none]
[debug] [2023-09-19T01:44:23.957Z] >>> [apiv2][body] POST https://upload-firebasehosting.googleapis.com/upload/sites/gpass-apps/versions/b008b8a4c4750c36/files/89e45366af2fc854e9fb16bb6ae6b512c1175b3dbb56ca14754c73542dc6a4bf [stream]
[debug] [2023-09-19T01:44:23.957Z] >>> [apiv2][query] POST https://upload-firebasehosting.googleapis.com/upload/sites/gpass-apps/versions/b008b8a4c4750c36/files/c13e1fa35ee29edb7dcb6096094d3173c0c6e705cb250b22f9407d90380a86e9 [none]
[debug] [2023-09-19T01:44:23.957Z] >>> [apiv2][body] POST https://upload-firebasehosting.googleapis.com/upload/sites/gpass-apps/versions/b008b8a4c4750c36/files/c13e1fa35ee29edb7dcb6096094d3173c0c6e705cb250b22f9407d90380a86e9 [stream]
[debug] [2023-09-19T01:44:23.958Z] [hosting][populate queue][FINAL] {"max":299,"min":299,"avg":299,"active":0,"complete":1,"success":1,"errored":0,"retried":0,"total":1,"elapsed":302}
[debug] [2023-09-19T01:44:23.958Z] [hosting] uploads queued: 4
[debug] [2023-09-19T01:44:24.449Z] <<< [apiv2][status] POST https://upload-firebasehosting.googleapis.com/upload/sites/gpass-apps/versions/b008b8a4c4750c36/files/74bb7913a9361d06f535bd14160cee51f269eb6aa5ce2de4ce9d850dd8e70164 200
[debug] [2023-09-19T01:44:24.449Z] <<< [apiv2][body] POST https://upload-firebasehosting.googleapis.com/upload/sites/gpass-apps/versions/b008b8a4c4750c36/files/74bb7913a9361d06f535bd14160cee51f269eb6aa5ce2de4ce9d850dd8e70164 [stream]
[debug] [2023-09-19T01:44:24.508Z] <<< [apiv2][status] POST https://upload-firebasehosting.googleapis.com/upload/sites/gpass-apps/versions/b008b8a4c4750c36/files/36c7b6f20a2f221be57bc378f951ee8c7836961328eb82ecd0a8877195144f80 200
[debug] [2023-09-19T01:44:24.508Z] <<< [apiv2][body] POST https://upload-firebasehosting.googleapis.com/upload/sites/gpass-apps/versions/b008b8a4c4750c36/files/36c7b6f20a2f221be57bc378f951ee8c7836961328eb82ecd0a8877195144f80 [stream]
[debug] [2023-09-19T01:44:24.748Z] <<< [apiv2][status] POST https://upload-firebasehosting.googleapis.com/upload/sites/gpass-apps/versions/b008b8a4c4750c36/files/c13e1fa35ee29edb7dcb6096094d3173c0c6e705cb250b22f9407d90380a86e9 200
[debug] [2023-09-19T01:44:24.748Z] <<< [apiv2][body] POST https://upload-firebasehosting.googleapis.com/upload/sites/gpass-apps/versions/b008b8a4c4750c36/files/c13e1fa35ee29edb7dcb6096094d3173c0c6e705cb250b22f9407d90380a86e9 [stream]
